> burst sb10.dat 0.0001 0.01 2000 20

*******************************************************************
*       Photon by photon burst detection and collection           *
*                               by                                *
*                            Haw Yang                             *
*        Department of Chemistry, Princeton University            *
*******************************************************************
Reference: K. Zhang & H. Yang, J. Phys. Chem. B, 109, 21930 (2005).
v0.92-osx: build [Jun 14 2021]

] Reading in data file ...
  Total of 1347349 photons, 600.000 seconds read in.

] Initial guesses are:
  SB = 20.00, I0 = 3.800000e+01, I1 = 7.142741e+00.
  IB = 2.000000e+00, A = 9.900000e+03, B = 1.000100e-02
  hA = 1.788986e+00, hB = -8.954506e-01, hC = 2.475235e-01
  Kullback-Liebler distance D(I1||IB) = 5.529539e-01
  Optimal Page's CUSUM threshold h = 8.968944e+00
  Expected minimum SPRT detection delay = 4 photons
  Expected minimum CUSUM detection delay = 17 photons

] Starting iteration ...
  Done. Total of 3445 bursts found.

